# JRE version: OpenJDK Runtime Environment (21.0.8) (build 21.0.8+-14196175-b1038.72)
# Java VM: OpenJDK 64-Bit Server VM (21.0.8+-14196175-b1038.72, mixed mode, tiered, compressed oops, compressed class ptrs, g1 gc, windows-amd64)
GC Precious Log:
 CardTable entry size: 512
 Card Set container configuration: InlinePtr #cards 5 size 8 Array Of Cards #cards 12 size 40 Howl #buckets 4 coarsen threshold 1843 Howl Bitmap #cards 512 size 80 coarsen threshold 460 Card regions per heap region 1 cards per card region 2048
 CPUs: 12 total, 12 available
 Memory: 15556M
 Large Page Support: Disabled
 NUMA Support: Disabled
 Compressed Oops: Enabled (32-bit)
 Heap Region Size: 1M
 Heap Min Capacity: 8M
 Heap Initial Capacity: 244M
 Heap Max Capacity: 2G
 Pre-touch: Disabled
 Parallel Workers: 10
 Concurrent Workers: 3
 Concurrent Refinement Workers: 10
 Periodic GC: Disabled
Heap:
 garbage-first heap   total 71680K, used 33256K [0x0000000080000000, 0x0000000100000000)
  region size 1024K, 9 young (9216K), 5 survivors (5120K)
 Metaspace       used 46060K, committed 47232K, reserved 1114112K
  class space    used 6530K, committed 7104K, reserved 1048576K
GC Heap History (16 events):
Event: 0.512 GC heap before
{Heap before GC invocations=0 (full 0):
 garbage-first heap   total 249856K, used 22528K [0x0000000080000000, 0x0000000100000000)
  region size 1024K, 23 young (23552K), 0 survivors (0K)
 Metaspace       used 7633K, committed 7808K, reserved 1114112K
  class space    used 705K, committed 768K, reserved 1048576K
}
Event: 0.515 GC heap after
{Heap after GC invocations=1 (full 0):
 garbage-first heap   total 249856K, used 1792K [0x0000000080000000, 0x0000000100000000)
  region size 1024K, 2 young (2048K), 2 survivors (2048K)
 Metaspace       used 7633K, committed 7808K, reserved 1114112K
  class space    used 705K, committed 768K, reserved 1048576K
}
Event: 1.214 GC heap before
{Heap before GC invocations=1 (full 0):
 garbage-first heap   total 249856K, used 41728K [0x0000000080000000, 0x0000000100000000)
  region size 1024K, 39 young (39936K), 2 survivors (2048K)
 Metaspace       used 12365K, committed 12608K, reserved 1114112K
  class space    used 1350K, committed 1472K, reserved 1048576K
}
Event: 1.219 GC heap after
{Heap after GC invocations=2 (full 0):
 garbage-first heap   total 249856K, used 10917K [0x0000000080000000, 0x0000000100000000)
  region size 1024K, 5 young (5120K), 5 survivors (5120K)
 Metaspace       used 12365K, committed 12608K, reserved 1114112K
  class space    used 1350K, committed 1472K, reserved 1048576K
}
Event: 2.557 GC heap before
{Heap before GC invocations=2 (full 0):
 garbage-first heap   total 249856K, used 92837K [0x0000000080000000, 0x0000000100000000)
  region size 1024K, 84 young (86016K), 5 survivors (5120K)
 Metaspace       used 21218K, committed 21504K, reserved 1114112K
  class space    used 2524K, committed 2624K, reserved 1048576K
}
Event: 2.565 GC heap after
{Heap after GC invocations=3 (full 0):
 garbage-first heap   total 249856K, used 20171K [0x0000000080000000, 0x0000000100000000)
  region size 1024K, 14 young (14336K), 14 survivors (14336K)
 Metaspace       used 21218K, committed 21504K, reserved 1114112K
  class space    used 2524K, committed 2624K, reserved 1048576K
}
Event: 3.283 GC heap before
{Heap before GC invocations=4 (full 0):
 garbage-first heap   total 71680K, used 48843K [0x0000000080000000, 0x0000000100000000)
  region size 1024K, 42 young (43008K), 14 survivors (14336K)
 Metaspace       used 26320K, committed 26816K, reserved 1114112K
  class space    used 3305K, committed 3520K, reserved 1048576K
}
Event: 3.290 GC heap after
{Heap after GC invocations=5 (full 0):
 garbage-first heap   total 71680K, used 21956K [0x0000000080000000, 0x0000000100000000)
  region size 1024K, 3 young (3072K), 3 survivors (3072K)
 Metaspace       used 26320K, committed 26816K, reserved 1114112K
  class space    used 3305K, committed 3520K, reserved 1048576K
}
Event: 4.727 GC heap before
{Heap before GC invocations=5 (full 0):
 garbage-first heap   total 71680K, used 53700K [0x0000000080000000, 0x0000000100000000)
  region size 1024K, 35 young (35840K), 3 survivors (3072K)
 Metaspace       used 30753K, committed 31296K, reserved 1114112K
  class space    used 4117K, committed 4352K, reserved 1048576K
}
Event: 4.732 GC heap after
{Heap after GC invocations=6 (full 0):
 garbage-first heap   total 71680K, used 24267K [0x0000000080000000, 0x0000000100000000)
  region size 1024K, 4 young (4096K), 4 survivors (4096K)
 Metaspace       used 30753K, committed 31296K, reserved 1114112K
  class space    used 4117K, committed 4352K, reserved 1048576K
}
Event: 5.689 GC heap before
{Heap before GC invocations=6 (full 0):
 garbage-first heap   total 71680K, used 56011K [0x0000000080000000, 0x0000000100000000)
  region size 1024K, 36 young (36864K), 4 survivors (4096K)
 Metaspace       used 35190K, committed 35968K, reserved 1114112K
  class space    used 4861K, committed 5248K, reserved 1048576K
}
Event: 5.694 GC heap after
{Heap after GC invocations=7 (full 0):
 garbage-first heap   total 71680K, used 26648K [0x0000000080000000, 0x0000000100000000)
  region size 1024K, 5 young (5120K), 5 survivors (5120K)
 Metaspace       used 35190K, committed 35968K, reserved 1114112K
  class space    used 4861K, committed 5248K, reserved 1048576K
}
Event: 6.589 GC heap before
{Heap before GC invocations=8 (full 0):
 garbage-first heap   total 71680K, used 58392K [0x0000000080000000, 0x0000000100000000)
  region size 1024K, 37 young (37888K), 5 survivors (5120K)
 Metaspace       used 39309K, committed 40256K, reserved 1114112K
  class space    used 5575K, committed 6016K, reserved 1048576K
}
Event: 6.595 GC heap after
{Heap after GC invocations=9 (full 0):
 garbage-first heap   total 71680K, used 28168K [0x0000000080000000, 0x0000000100000000)
  region size 1024K, 4 young (4096K), 4 survivors (4096K)
 Metaspace       used 39309K, committed 40256K, reserved 1114112K
  class space    used 5575K, committed 6016K, reserved 1048576K
}
Event: 7.594 GC heap before
{Heap before GC invocations=9 (full 0):
 garbage-first heap   total 71680K, used 60936K [0x0000000080000000, 0x0000000100000000)
  region size 1024K, 36 young (36864K), 4 survivors (4096K)
 Metaspace       used 44567K, committed 45760K, reserved 1114112K
  class space    used 6357K, committed 6912K, reserved 1048576K
}
Event: 7.599 GC heap after
{Heap after GC invocations=10 (full 0):
 garbage-first heap   total 71680K, used 30184K [0x0000000080000000, 0x0000000100000000)
  region size 1024K, 5 young (5120K), 5 survivors (5120K)
 Metaspace       used 44567K, committed 45760K, reserved 1114112K
  class space    used 6357K, committed 6912K, reserved 1048576K
}

