<?xml version="1.0" encoding="UTF-8"?>
<testsuite name="com.zimuzhedang.subtitleblocker.domain.OverlayConstraintsTest" tests="3" skipped="0" failures="0" errors="0" timestamp="2026-01-29T12:57:46.829Z" hostname="LAPTOP-O47JJP4T" time="0.017">
  <properties/>
  <testcase name="clampSize_respectsMinMax" classname="com.zimuzhedang.subtitleblocker.domain.OverlayConstraintsTest" time="0.014"/>
  <testcase name="clampPosition_respectsInsets" classname="com.zimuzhedang.subtitleblocker.domain.OverlayConstraintsTest" time="0.0"/>
  <testcase name="snapToEdge_prefersNearest" classname="com.zimuzhedang.subtitleblocker.domain.OverlayConstraintsTest" time="0.001"/>
  <system-out><![CDATA[]]></system-out>
  <system-err><![CDATA[]]></system-err>
</testsuite>
